Application/build/outputs/logs/manifest-merger-debug-report.txt
-- Merging decision tree log ---
manifest
ADDED from AndroidManifest.xml:18:1
	package
		ADDED from AndroidManifest.xml:19:5
	android:versionName
		ADDED from AndroidManifest.xml:21:5
	android:versionCode
		ADDED from AndroidManifest.xml:20:5
		INJECTED from AndroidManifest.xml:0:0
		INJECTED from AndroidManifest.xml:0:0
	xmlns:android
		ADDED from AndroidManifest.xml:18:11
application
ADDED from AndroidManifest.xml:25:5
MERGED from com.android.support:support-v4:23.1.0:22:5
MERGED from com.android.support:gridlayout-v7:23.1.0:22:5
MERGED from com.android.support:support-v4:23.1.0:22:5
MERGED from com.android.support:cardview-v7:23.1.0:22:5
MERGED from com.onesignal:OneSignal:2.1.3:26:5
MERGED from com.google.android.gms:play-services-gcm:8.4.0:24:5
MERGED from com.google.android.gms:play-services-basement:8.4.0:20:5
MERGED from com.android.support:support-v4:23.1.0:22:5
MERGED from com.google.android.gms:play-services-measurement:8.4.0:26:5
MERGED from com.google.android.gms:play-services-basement:8.4.0:20:5
MERGED from com.android.support:support-v4:23.1.0:22:5
MERGED from com.google.android.gms:play-services-analytics:8.4.0:24:5
MERGED from com.google.android.gms:play-services-basement:8.4.0:20:5
MERGED from com.android.support:support-v4:23.1.0:22:5
MERGED from com.google.android.gms:play-services-location:8.4.0:19:5
MERGED from com.google.android.gms:play-services-basement:8.4.0:20:5
MERGED from com.android.support:support-v4:23.1.0:22:5
MERGED from com.google.android.gms:play-services-maps:8.4.0:27:5
MERGED from com.google.android.gms:play-services-basement:8.4.0:20:5
MERGED from com.android.support:support-v4:23.1.0:22:5
	android:label
		ADDED from AndroidManifest.xml:28:9
	android:allowBackup
		ADDED from AndroidManifest.xml:26:9
	android:icon
		ADDED from AndroidManifest.xml:27:9
	android:theme
		ADDED from AndroidManifest.xml:29:9
activity#com.example.android.basicnotifications.MainActivity
ADDED from AndroidManifest.xml:30:9
	android:label
		ADDED from AndroidManifest.xml:32:13
	android:name
		ADDED from AndroidManifest.xml:31:13
intent-filter#android.intent.action.MAIN+android.intent.category.LAUNCHER
ADDED from AndroidManifest.xml:33:13
action#android.intent.action.MAIN
ADDED from AndroidManifest.xml:34:17
	android:name
		ADDED from AndroidManifest.xml:34:25
category#android.intent.category.LAUNCHER
ADDED from AndroidManifest.xml:35:17
	android:name
		ADDED from AndroidManifest.xml:35:27
uses-sdk
INJECTED from AndroidManifest.xml:0:0 reason: use-sdk injection requested
MERGED from com.android.support:support-v4:23.1.0:20:5
MERGED from com.android.support:gridlayout-v7:23.1.0:20:5
MERGED from com.android.support:support-v4:23.1.0:20:5
MERGED from com.android.support:cardview-v7:23.1.0:20:5
MERGED from com.onesignal:OneSignal:2.1.3:5:5
MERGED from com.google.android.gms:play-services-gcm:8.4.0:18:5
MERGED from com.google.android.gms:play-services-base:8.4.0:18:5
MERGED from com.google.android.gms:play-services-basement:8.4.0:18:5
MERGED from com.android.support:support-v4:23.1.0:20:5
MERGED from com.google.android.gms:play-services-measurement:8.4.0:18:5
MERGED from com.google.android.gms:play-services-basement:8.4.0:18:5
MERGED from com.android.support:support-v4:23.1.0:20:5
MERGED from com.google.android.gms:play-services-analytics:8.4.0:18:5
MERGED from com.google.android.gms:play-services-basement:8.4.0:18:5
MERGED from com.android.support:support-v4:23.1.0:20:5
MERGED from com.google.android.gms:play-services-location:8.4.0:18:5
MERGED from com.google.android.gms:play-services-base:8.4.0:18:5
MERGED from com.google.android.gms:play-services-basement:8.4.0:18:5
MERGED from com.android.support:support-v4:23.1.0:20:5
MERGED from com.google.android.gms:play-services-maps:8.4.0:26:5
MERGED from com.google.android.gms:play-services-base:8.4.0:18:5
MERGED from com.google.android.gms:play-services-basement:8.4.0:18:5
MERGED from com.android.support:support-v4:23.1.0:20:5
	android:targetSdkVersion
		INJECTED from AndroidManifest.xml:0:0
		INJECTED from AndroidManifest.xml:0:0
	android:minSdkVersion
		INJECTED from AndroidManifest.xml:0:0
		INJECTED from AndroidManifest.xml:0:0
permission#${manifestApplicationId}.permission.C2D_MESSAGE
ADDED from com.onesignal:OneSignal:2.1.3:8:5
	android:protectionLevel
		ADDED from com.onesignal:OneSignal:2.1.3:10:9
	android:name
		ADDED from com.onesignal:OneSignal:2.1.3:9:9
uses-permission#${manifestApplicationId}.permission.C2D_MESSAGE
ADDED from com.onesignal:OneSignal:2.1.3:12:5
	android:name
		ADDED from com.onesignal:OneSignal:2.1.3:12:22
uses-permission#android.permission.INTERNET
ADDED from com.onesignal:OneSignal:2.1.3:15:5
MERGED from com.google.android.gms:play-services-gcm:8.4.0:22:5
MERGED from com.google.android.gms:play-services-measurement:8.4.0:21:5
MERGED from com.google.android.gms:play-services-analytics:8.4.0:21:5
MERGED from com.google.android.gms:play-services-maps:8.4.0:21:5
	android:name
		ADDED from com.onesignal:OneSignal:2.1.3:15:22
uses-permission#com.google.android.c2dm.permission.RECEIVE
ADDED from com.onesignal:OneSignal:2.1.3:16:5
MERGED from com.google.android.gms:play-services-gcm:8.4.0:21:5
	android:name
		ADDED from com.onesignal:OneSignal:2.1.3:16:22
uses-permission#android.permission.WAKE_LOCK
ADDED from com.onesignal:OneSignal:2.1.3:18:5
MERGED from com.google.android.gms:play-services-measurement:8.4.0:24:5
	android:name
		ADDED from com.onesignal:OneSignal:2.1.3:18:22
uses-permission#android.permission.VIBRATE
ADDED from com.onesignal:OneSignal:2.1.3:23:5
	android:name
		ADDED from com.onesignal:OneSignal:2.1.3:23:22
uses-permission#android.permission.ACCESS_NETWORK_STATE
ADDED from com.onesignal:OneSignal:2.1.3:24:5
MERGED from com.google.android.gms:play-services-measurement:8.4.0:22:5
MERGED from com.google.android.gms:play-services-analytics:8.4.0:22:5
MERGED from com.google.android.gms:play-services-maps:8.4.0:20:5
	android:name
		ADDED from com.onesignal:OneSignal:2.1.3:24:22
meta-data#onesignal_app_id
ADDED from com.onesignal:OneSignal:2.1.3:27:9
	android:value
		ADDED from com.onesignal:OneSignal:2.1.3:29:13
	android:name
		ADDED from com.onesignal:OneSignal:2.1.3:28:13
meta-data#onesignal_google_project_number
ADDED from com.onesignal:OneSignal:2.1.3:30:9
	android:value
		ADDED from com.onesignal:OneSignal:2.1.3:32:13
	android:name
		ADDED from com.onesignal:OneSignal:2.1.3:31:13
receiver#com.onesignal.GcmBroadcastReceiver
ADDED from com.onesignal:OneSignal:2.1.3:34:9
	android:permission
		ADDED from com.onesignal:OneSignal:2.1.3:36:13
	android:name
		ADDED from com.onesignal:OneSignal:2.1.3:35:13
intent-filter#${manifestApplicationId}+com.google.android.c2dm.intent.RECEIVE
ADDED from com.onesignal:OneSignal:2.1.3:37:13
action#com.google.android.c2dm.intent.RECEIVE
ADDED from com.onesignal:OneSignal:2.1.3:38:17
	android:name
		ADDED from com.onesignal:OneSignal:2.1.3:38:25
category#${manifestApplicationId}
ADDED from com.onesignal:OneSignal:2.1.3:40:17
	android:name
		ADDED from com.onesignal:OneSignal:2.1.3:40:27
receiver#com.onesignal.NotificationOpenedReceiver
ADDED from com.onesignal:OneSignal:2.1.3:43:9
	android:name
		ADDED from com.onesignal:OneSignal:2.1.3:43:19
service#com.onesignal.GcmIntentService
ADDED from com.onesignal:OneSignal:2.1.3:45:9
	android:name
		ADDED from com.onesignal:OneSignal:2.1.3:45:18
service#com.onesignal.SyncService
ADDED from com.onesignal:OneSignal:2.1.3:46:9
	android:stopWithTask
		ADDED from com.onesignal:OneSignal:2.1.3:48:13
	android:name
		ADDED from com.onesignal:OneSignal:2.1.3:47:13
activity#com.onesignal.PermissionsActivity
ADDED from com.onesignal:OneSignal:2.1.3:50:9
	android:theme
		ADDED from com.onesignal:OneSignal:2.1.3:52:13
	android:name
		ADDED from com.onesignal:OneSignal:2.1.3:51:13
meta-data#com.google.android.gms.version
ADDED from com.google.android.gms:play-services-basement:8.4.0:21:9
MERGED from com.google.android.gms:play-services-basement:8.4.0:21:9
MERGED from com.google.android.gms:play-services-basement:8.4.0:21:9
MERGED from com.google.android.gms:play-services-basement:8.4.0:21:9
MERGED from com.google.android.gms:play-services-basement:8.4.0:21:9
	android:value
		ADDED from com.google.android.gms:play-services-basement:8.4.0:23:13
	android:name
		ADDED from com.google.android.gms:play-services-basement:8.4.0:22:13
provider#com.google.android.gms.measurement.AppMeasurementContentProvider
ADDED from com.google.android.gms:play-services-measurement:8.4.0:28:7
	android:authorities
		ADDED from com.google.android.gms:play-services-measurement:8.4.0:29:11
	android:exported
		ADDED from com.google.android.gms:play-services-measurement:8.4.0:31:11
	android:name
		ADDED from com.google.android.gms:play-services-measurement:8.4.0:30:11
receiver#com.google.android.gms.measurement.AppMeasurementReceiver
ADDED from com.google.android.gms:play-services-measurement:8.4.0:33:7
	android:enabled
		ADDED from com.google.android.gms:play-services-measurement:8.4.0:35:11
	android:name
		ADDED from com.google.android.gms:play-services-measurement:8.4.0:34:11
intent-filter#com.google.android.gms.measurement.UPLOAD
ADDED from com.google.android.gms:play-services-measurement:8.4.0:36:9
action#com.google.android.gms.measurement.UPLOAD
ADDED from com.google.android.gms:play-services-measurement:8.4.0:37:11
	android:name
		ADDED from com.google.android.gms:play-services-measurement:8.4.0:37:19
service#com.google.android.gms.measurement.AppMeasurementService
ADDED from com.google.android.gms:play-services-measurement:8.4.0:41:7
	android:enabled
		ADDED from com.google.android.gms:play-services-measurement:8.4.0:43:11
	android:exported
		ADDED from com.google.android.gms:play-services-measurement:8.4.0:44:11
	android:name
		ADDED from com.google.android.gms:play-services-measurement:8.4.0:42:11
uses-feature#0x00020000
ADDED from com.google.android.gms:play-services-maps:8.4.0:22:5
	android:glEsVersion
		ADDED from com.google.android.gms:play-services-maps:8.4.0:23:8
	android:required
		ADDED from com.google.android.gms:play-services-maps:8.4.0:24:8